Using pre-set license
Built from '2021.3/staging' branch; Version is '2021.3.22f1 (b6c551784ba3) revision 11978065'; Using compiler version '192829333'; Build Type 'Release'
OS: 'Windows 10  (10.0.19045) 64bit Core' Language: 'en' Physical Memory: 32509 MB
BatchMode: 1, IsHumanControllingUs: 0, StartBugReporterOnCrash: 0, Is64bit: 1, IsPro: 1

COMMAND LINE ARGUMENTS:
C:\Program Files\Unity\Hub\Editor\2021.3.22f1\Editor\Unity.exe
-adb2
-batchMode
-noUpm
-name
AssetImportWorker0
-projectPath
C:/Users/Ryan/Documents/GitHub/Orc-Hunt/Orc Hunt
-logFile
Logs/AssetImportWorker0.log
-srvPort
58468
Successfully changed project path to: C:/Users/Ryan/Documents/GitHub/Orc-Hunt/Orc Hunt
C:/Users/Ryan/Documents/GitHub/Orc-Hunt/Orc Hunt
[UnityMemory] Configuration Parameters - Can be set up in boot.config
    "memorysetup-bucket-allocator-granularity=16"
    "memorysetup-bucket-allocator-bucket-count=8"
    "memorysetup-bucket-allocator-block-size=33554432"
    "memorysetup-bucket-allocator-block-count=8"
    "memorysetup-main-allocator-block-size=16777216"
    "memorysetup-thread-allocator-block-size=16777216"
    "memorysetup-gfx-main-allocator-block-size=16777216"
    "memorysetup-gfx-thread-allocator-block-size=16777216"
    "memorysetup-cache-allocator-block-size=4194304"
    "memorysetup-typetree-allocator-block-size=2097152"
    "memorysetup-profiler-bucket-allocator-granularity=16"
    "memorysetup-profiler-bucket-allocator-bucket-count=8"
    "memorysetup-profiler-bucket-allocator-block-size=33554432"
    "memorysetup-profiler-bucket-allocator-block-count=8"
    "memorysetup-profiler-allocator-block-size=16777216"
    "memorysetup-profiler-editor-allocator-block-size=1048576"
    "memorysetup-temp-allocator-size-main=16777216"
    "memorysetup-job-temp-allocator-block-size=2097152"
    "memorysetup-job-temp-allocator-block-size-background=1048576"
    "memorysetup-job-temp-allocator-reduction-small-platforms=262144"
    "memorysetup-temp-allocator-size-background-worker=32768"
    "memorysetup-temp-allocator-size-job-worker=262144"
    "memorysetup-temp-allocator-size-preload-manager=33554432"
    "memorysetup-temp-allocator-size-nav-mesh-worker=65536"
    "memorysetup-temp-allocator-size-audio-worker=65536"
    "memorysetup-temp-allocator-size-cloud-worker=32768"
    "memorysetup-temp-allocator-size-gi-baking-worker=262144"
    "memorysetup-temp-allocator-size-gfx=262144"
Player connection [1720] Host "[IP] 192.168.1.252 [Port] 0 [Flags] 2 [Guid] 67873 [EditorId] 67873 [Version] 1048832 [Id] WindowsEditor(7,DESKTOP-NRV118K) [Debug] 1 [PackageName] WindowsEditor [ProjectName] Editor" joined multi-casting on [225.0.0.222:54997]...

Player connection [1720] Host "[IP] 192.168.1.252 [Port] 0 [Flags] 2 [Guid] 67873 [EditorId] 67873 [Version] 1048832 [Id] WindowsEditor(7,DESKTOP-NRV118K) [Debug] 1 [PackageName] WindowsEditor [ProjectName] Editor" joined alternative multi-casting on [225.0.0.222:34997]...

Refreshing native plugins compatible for Editor in 79.29 ms, found 4 plugins.
Preloading 0 native plugins for Editor in 0.00 ms.
Initialize engine version: 2021.3.22f1 (b6c551784ba3)
[Subsystems] Discovering subsystems at path C:/Program Files/Unity/Hub/Editor/2021.3.22f1/Editor/Data/Resources/UnitySubsystems
[Subsystems] Discovering subsystems at path C:/Users/Ryan/Documents/GitHub/Orc-Hunt/Orc Hunt/Assets
GfxDevice: creating device client; threaded=0; jobified=0
Direct3D:
    Version:  Direct3D 11.0 [level 11.1]
    Renderer: NVIDIA GeForce RTX 4080 (ID=0x2704)
    Vendor:   NVIDIA
    VRAM:     16064 MB
    Driver:   31.0.15.3141
Initialize mono
Mono path[0] = 'C:/Program Files/Unity/Hub/Editor/2021.3.22f1/Editor/Data/Managed'
Mono path[1] = 'C:/Program Files/Unity/Hub/Editor/2021.3.22f1/Editor/Data/MonoBleedingEdge/lib/mono/unityjit-win32'
Mono config path = 'C:/Program Files/Unity/Hub/Editor/2021.3.22f1/Editor/Data/MonoBleedingEdge/etc'
Using monoOptions --debugger-agent=transport=dt_socket,embedding=1,server=y,suspend=n,address=127.0.0.1:56404
Begin MonoManager ReloadAssembly
Registering precompiled unity dll's ...
Register platform support module: C:/Program Files/Unity/Hub/Editor/2021.3.22f1/Editor/Data/PlaybackEngines/WindowsStandaloneSupport/UnityEditor.WindowsStandalone.Extensions.dll
Registered in 0.008094 seconds.
Native extension for WindowsStandalone target not found
Refreshing native plugins compatible for Editor in 77.90 ms, found 4 plugins.
Preloading 0 native plugins for Editor in 0.00 ms.
Mono: successfully reloaded assembly
- Completed reload, in  0.638 seconds
Domain Reload Profiling:
	ReloadAssembly (638ms)
		BeginReloadAssembly (83ms)
			ExecutionOrderSort (0ms)
			DisableScriptedObjects (0ms)
			BackupInstance (0ms)
			ReleaseScriptingObjects (0ms)
			CreateAndSetChildDomain (0ms)
		EndReloadAssembly (453ms)
			LoadAssemblies (82ms)
			RebuildTransferFunctionScriptingTraits (0ms)
			SetupTypeCache (96ms)
			ReleaseScriptCaches (0ms)
			RebuildScriptCaches (27ms)
			SetupLoadedEditorAssemblies (279ms)
				LogAssemblyErrors (0ms)
				InitializePlatformSupportModulesInManaged (9ms)
				SetLoadedEditorAssemblies (0ms)
				RefreshPlugins (78ms)
				BeforeProcessingInitializeOnLoad (2ms)
				ProcessInitializeOnLoadAttributes (143ms)
				ProcessInitializeOnLoadMethodAttributes (48ms)
				AfterProcessingInitializeOnLoad (0ms)
				EditorAssembliesLoaded (0ms)
			ExecutionOrderSort2 (0ms)
			AwakeInstancesAfterBackupRestoration (0ms)
Platform modules already initialized, skipping
Registering precompiled user dll's ...
Registered in 0.007902 seconds.
Begin MonoManager ReloadAssembly
Symbol file LoadedFromMemory doesn't match image C:\Users\Ryan\Documents\GitHub\Orc-Hunt\Orc Hunt\Library\PackageCache\com.unity.visualscripting@1.8.0\Editor\VisualScripting.Core\Dependencies\YamlDotNet\Unity.VisualScripting.YamlDotNet.dll
Symbol file LoadedFromMemory doesn't match image C:\Users\Ryan\Documents\GitHub\Orc-Hunt\Orc Hunt\Library\PackageCache\com.unity.visualscripting@1.8.0\Editor\VisualScripting.Core\Dependencies\DotNetZip\Unity.VisualScripting.IonicZip.dll
Native extension for WindowsStandalone target not found
Refreshing native plugins compatible for Editor in 79.44 ms, found 4 plugins.
Preloading 0 native plugins for Editor in 0.00 ms.
Mono: successfully reloaded assembly
- Completed reload, in  1.242 seconds
Domain Reload Profiling:
	ReloadAssembly (1243ms)
		BeginReloadAssembly (135ms)
			ExecutionOrderSort (0ms)
			DisableScriptedObjects (6ms)
			BackupInstance (0ms)
			ReleaseScriptingObjects (0ms)
			CreateAndSetChildDomain (24ms)
		EndReloadAssembly (1004ms)
			LoadAssemblies (96ms)
			RebuildTransferFunctionScriptingTraits (0ms)
			SetupTypeCache (206ms)
			ReleaseScriptCaches (1ms)
			RebuildScriptCaches (56ms)
			SetupLoadedEditorAssemblies (611ms)
				LogAssemblyErrors (0ms)
				InitializePlatformSupportModulesInManaged (5ms)
				SetLoadedEditorAssemblies (0ms)
				RefreshPlugins (80ms)
				BeforeProcessingInitializeOnLoad (89ms)
				ProcessInitializeOnLoadAttributes (393ms)
				ProcessInitializeOnLoadMethodAttributes (35ms)
				AfterProcessingInitializeOnLoad (9ms)
				EditorAssembliesLoaded (0ms)
			ExecutionOrderSort2 (0ms)
			AwakeInstancesAfterBackupRestoration (9ms)
Platform modules already initialized, skipping
========================================================================
Worker process is ready to serve import requests
Launched and connected shader compiler UnityShaderCompiler.exe after 0.04 seconds
Refreshing native plugins compatible for Editor in 0.48 ms, found 4 plugins.
Preloading 0 native plugins for Editor in 0.00 ms.
Unloading 3734 Unused Serialized files (Serialized files now loaded: 0)
Unloading 41 unused Assets / (229.1 KB). Loaded Objects now: 4187.
Memory consumption went from 142.7 MB to 142.5 MB.
Total: 2.433600 ms (FindLiveObjects: 0.184200 ms CreateObjectMapping: 0.083700 ms MarkObjects: 2.045100 ms  DeleteObjects: 0.119700 ms)

AssetImportParameters requested are different than current active one (requested -> active):
  custom:video-decoder-ogg-theora: a1e56fd34408186e4bbccfd4996cb3dc -> 
  custom:container-muxer-webm: aa71ff27fc2769a1b78a27578f13a17b -> 
  custom:container-demuxer-webm: 4f35f7cbe854078d1ac9338744f61a02 -> 
  custom:video-encoder-webm-vp8: eb34c28f22e8b96e1ab97ce403110664 -> 
  custom:audio-encoder-webm-vorbis: bf7c407c2cedff20999df2af8eb42d56 -> 
  custom:framework-win-MediaFoundation: 216162199b28c13a410421893ffa2e32 -> 
  custom:container-demuxer-ogg: 62fdf1f143b41e24485cea50d1cbac27 -> 
  custom:video-decoder-webm-vp8: 9c59270c3fd7afecdb556c50c9e8de78 -> 
  custom:audio-decoder-ogg-vorbis: bf7c407c2cedff20999df2af8eb42d56 -> 
========================================================================
Received Import Request.
  Time since last request: 1669873.182741 seconds.
  path: Assets
  artifactKey: Guid(00000000000000001000000000000000) Importer(815301076,1909f56bfc062723c751e8b465ee728b)
Start importing Assets using Guid(00000000000000001000000000000000) Importer(815301076,1909f56bfc062723c751e8b465ee728b)  -> (artifact id: '79842766b460edbeab6a34051e857a80') in 0.008430 seconds 
========================================================================
Received Import Request.
  Time since last request: 7.004341 seconds.
  path: Assets/Sprites
  artifactKey: Guid(a2639035a1da91f4f865f41db65fba78) Importer(815301076,1909f56bfc062723c751e8b465ee728b)
Start importing Assets/Sprites using Guid(a2639035a1da91f4f865f41db65fba78) Importer(815301076,1909f56bfc062723c751e8b465ee728b)  -> (artifact id: '72c2fddc8f6c284d15e6ccd69f25285c') in 0.007372 seconds 
========================================================================
Received Import Request.
  Time since last request: 10.790243 seconds.
  path: Assets/Sprites/Human
  artifactKey: Guid(05f1a6e30ddcdfc47a19e926a23e6a9e) Importer(815301076,1909f56bfc062723c751e8b465ee728b)
Start importing Assets/Sprites/Human using Guid(05f1a6e30ddcdfc47a19e926a23e6a9e) Importer(815301076,1909f56bfc062723c751e8b465ee728b)  -> (artifact id: '4737c38ec0286ba895999cf26d7fe0b0') in 0.006663 seconds 
========================================================================
Received Import Request.
  Time since last request: 6.475362 seconds.
  path: Assets/Sprites/Human/Sheets
  artifactKey: Guid(9811ba41b0860184e90342510367878e) Importer(815301076,1909f56bfc062723c751e8b465ee728b)
Start importing Assets/Sprites/Human/Sheets using Guid(9811ba41b0860184e90342510367878e) Importer(815301076,1909f56bfc062723c751e8b465ee728b)  -> (artifact id: '9c4293d5d21a14e120aab05cc67b2aa1') in 0.006992 seconds 
========================================================================
Received Import Request.
  Time since last request: 25.774019 seconds.
  path: Assets/Sprites/Human/Sheets/Minifantasy_CreaturesHumanBaseAttack.png
  artifactKey: Guid(178b24541b13ab54089166241e9da821) Importer(815301076,1909f56bfc062723c751e8b465ee728b)
Start importing Assets/Sprites/Human/Sheets/Minifantasy_CreaturesHumanBaseAttack.png using Guid(178b24541b13ab54089166241e9da821) Importer(815301076,1909f56bfc062723c751e8b465ee728b)  -> (artifact id: '271916fc891cb1e71b237799ba850157') in 0.103117 seconds 
========================================================================
Received Import Request.
  Time since last request: 0.000024 seconds.
  path: Assets/Sprites/Human/Sheets/Minifantasy_CreaturesHumanBaseJump.png
  artifactKey: Guid(4d1175bc1f981d84e8ecba0ed7c16ea6) Importer(815301076,1909f56bfc062723c751e8b465ee728b)
Start importing Assets/Sprites/Human/Sheets/Minifantasy_CreaturesHumanBaseJump.png using Guid(4d1175bc1f981d84e8ecba0ed7c16ea6) Importer(815301076,1909f56bfc062723c751e8b465ee728b)  -> (artifact id: '00d95687da3b39ca3e0e5faaaea30f85') in 0.014170 seconds 
========================================================================
Received Import Request.
  Time since last request: 0.000024 seconds.
  path: Assets/Sprites/Human/Sheets/Minifantasy_CreaturesHumanBaseSoulDie.png
  artifactKey: Guid(fd61f28ace70ebb42b7611cecf41344b) Importer(815301076,1909f56bfc062723c751e8b465ee728b)
Start importing Assets/Sprites/Human/Sheets/Minifantasy_CreaturesHumanBaseSoulDie.png using Guid(fd61f28ace70ebb42b7611cecf41344b) Importer(815301076,1909f56bfc062723c751e8b465ee728b)  -> (artifact id: 'c75d1dcb99d33b4d2fd47311d1c3c17f') in 0.013262 seconds 
========================================================================
Received Import Request.
  Time since last request: 0.000022 seconds.
  path: Assets/Sprites/Human/Sheets/Minifantasy_CreaturesHumanBaseDmg.png
  artifactKey: Guid(6f844edcc7da47541a09262878dfd037) Importer(815301076,1909f56bfc062723c751e8b465ee728b)
Start importing Assets/Sprites/Human/Sheets/Minifantasy_CreaturesHumanBaseDmg.png using Guid(6f844edcc7da47541a09262878dfd037) Importer(815301076,1909f56bfc062723c751e8b465ee728b)  -> (artifact id: 'fe9ddfbda0c8ff94e40f75a62fad8387') in 0.014983 seconds 
========================================================================
Received Import Request.
  Time since last request: 45.225082 seconds.
  path: Assets/Sprites/Human/Sheets/Minifantasy_CreaturesHumanBaseAttack.png
  artifactKey: Guid(178b24541b13ab54089166241e9da821) Importer(815301076,1909f56bfc062723c751e8b465ee728b)
Start importing Assets/Sprites/Human/Sheets/Minifantasy_CreaturesHumanBaseAttack.png using Guid(178b24541b13ab54089166241e9da821) Importer(815301076,1909f56bfc062723c751e8b465ee728b)  -> (artifact id: '3f9dc650976bd50fb9355d64834a44ea') in 0.011361 seconds 
========================================================================
Received Import Request.
  Time since last request: 0.000023 seconds.
  path: Assets/Sprites/Human/Sheets/Minifantasy_CreaturesHumanBaseJump.png
  artifactKey: Guid(4d1175bc1f981d84e8ecba0ed7c16ea6) Importer(815301076,1909f56bfc062723c751e8b465ee728b)
Start importing Assets/Sprites/Human/Sheets/Minifantasy_CreaturesHumanBaseJump.png using Guid(4d1175bc1f981d84e8ecba0ed7c16ea6) Importer(815301076,1909f56bfc062723c751e8b465ee728b)  -> (artifact id: '3a0c529786e7face9e733a49e8e83368') in 0.008885 seconds 
========================================================================
Received Import Request.
  Time since last request: 0.000026 seconds.
  path: Assets/Sprites/Human/Sheets/Minifantasy_CreaturesHumanBaseIdle.png
  artifactKey: Guid(cf3e7e6ecd7b40a4594d2c5e74be0c4d) Importer(815301076,1909f56bfc062723c751e8b465ee728b)
Start importing Assets/Sprites/Human/Sheets/Minifantasy_CreaturesHumanBaseIdle.png using Guid(cf3e7e6ecd7b40a4594d2c5e74be0c4d) Importer(815301076,1909f56bfc062723c751e8b465ee728b)  -> (artifact id: '90e37479b020ea4c20be51c65c6aa921') in 0.008618 seconds 
========================================================================
Received Import Request.
  Time since last request: 47.602166 seconds.
  path: Assets/Sprites/Human/Sheets/Minifantasy_CreaturesHumanBaseDmg.png
  artifactKey: Guid(6f844edcc7da47541a09262878dfd037) Importer(815301076,1909f56bfc062723c751e8b465ee728b)
Start importing Assets/Sprites/Human/Sheets/Minifantasy_CreaturesHumanBaseDmg.png using Guid(6f844edcc7da47541a09262878dfd037) Importer(815301076,1909f56bfc062723c751e8b465ee728b)  -> (artifact id: '870c7f068968f07ad12a132c4ae868aa') in 0.019748 seconds 
Editor requested this worker to shutdown with reason: Scaling down because of idle timeout
AssetImportWorker is now disconnected from the server
Process exiting
Exiting without the bug reporter. Application will terminate with return code 0