Using pre-set license
Built from '2021.3/staging' branch; Version is '2021.3.22f1 (b6c551784ba3) revision 11978065'; Using compiler version '192829333'; Build Type 'Release'
OS: 'Windows 10  (10.0.19045) 64bit Core' Language: 'en' Physical Memory: 32509 MB
BatchMode: 1, IsHumanControllingUs: 0, StartBugReporterOnCrash: 0, Is64bit: 1, IsPro: 1

COMMAND LINE ARGUMENTS:
C:\Program Files\Unity\Hub\Editor\2021.3.22f1\Editor\Unity.exe
-adb2
-batchMode
-noUpm
-name
AssetImportWorker1
-projectPath
C:/Users/Ryan/Documents/GitHub/Orc-Hunt/Orc Hunt
-logFile
Logs/AssetImportWorker1.log
-srvPort
58468
Successfully changed project path to: C:/Users/Ryan/Documents/GitHub/Orc-Hunt/Orc Hunt
C:/Users/Ryan/Documents/GitHub/Orc-Hunt/Orc Hunt
[UnityMemory] Configuration Parameters - Can be set up in boot.config
    "memorysetup-bucket-allocator-granularity=16"
    "memorysetup-bucket-allocator-bucket-count=8"
    "memorysetup-bucket-allocator-block-size=33554432"
    "memorysetup-bucket-allocator-block-count=8"
    "memorysetup-main-allocator-block-size=16777216"
    "memorysetup-thread-allocator-block-size=16777216"
    "memorysetup-gfx-main-allocator-block-size=16777216"
    "memorysetup-gfx-thread-allocator-block-size=16777216"
    "memorysetup-cache-allocator-block-size=4194304"
    "memorysetup-typetree-allocator-block-size=2097152"
    "memorysetup-profiler-bucket-allocator-granularity=16"
    "memorysetup-profiler-bucket-allocator-bucket-count=8"
    "memorysetup-profiler-bucket-allocator-block-size=33554432"
    "memorysetup-profiler-bucket-allocator-block-count=8"
    "memorysetup-profiler-allocator-block-size=16777216"
    "memorysetup-profiler-editor-allocator-block-size=1048576"
    "memorysetup-temp-allocator-size-main=16777216"
    "memorysetup-job-temp-allocator-block-size=2097152"
    "memorysetup-job-temp-allocator-block-size-background=1048576"
    "memorysetup-job-temp-allocator-reduction-small-platforms=262144"
    "memorysetup-temp-allocator-size-background-worker=32768"
    "memorysetup-temp-allocator-size-job-worker=262144"
    "memorysetup-temp-allocator-size-preload-manager=33554432"
    "memorysetup-temp-allocator-size-nav-mesh-worker=65536"
    "memorysetup-temp-allocator-size-audio-worker=65536"
    "memorysetup-temp-allocator-size-cloud-worker=32768"
    "memorysetup-temp-allocator-size-gi-baking-worker=262144"
    "memorysetup-temp-allocator-size-gfx=262144"
Player connection [18368] Host "[IP] 192.168.1.252 [Port] 0 [Flags] 2 [Guid] 2237332048 [EditorId] 2237332048 [Version] 1048832 [Id] WindowsEditor(7,DESKTOP-NRV118K) [Debug] 1 [PackageName] WindowsEditor [ProjectName] Editor" joined multi-casting on [225.0.0.222:54997]...

Player connection [18368] Host "[IP] 192.168.1.252 [Port] 0 [Flags] 2 [Guid] 2237332048 [EditorId] 2237332048 [Version] 1048832 [Id] WindowsEditor(7,DESKTOP-NRV118K) [Debug] 1 [PackageName] WindowsEditor [ProjectName] Editor" joined alternative multi-casting on [225.0.0.222:34997]...

Refreshing native plugins compatible for Editor in 78.54 ms, found 4 plugins.
Preloading 0 native plugins for Editor in 0.00 ms.
Initialize engine version: 2021.3.22f1 (b6c551784ba3)
[Subsystems] Discovering subsystems at path C:/Program Files/Unity/Hub/Editor/2021.3.22f1/Editor/Data/Resources/UnitySubsystems
[Subsystems] Discovering subsystems at path C:/Users/Ryan/Documents/GitHub/Orc-Hunt/Orc Hunt/Assets
GfxDevice: creating device client; threaded=0; jobified=0
Direct3D:
    Version:  Direct3D 11.0 [level 11.1]
    Renderer: NVIDIA GeForce RTX 4080 (ID=0x2704)
    Vendor:   NVIDIA
    VRAM:     16064 MB
    Driver:   31.0.15.3141
Initialize mono
Mono path[0] = 'C:/Program Files/Unity/Hub/Editor/2021.3.22f1/Editor/Data/Managed'
Mono path[1] = 'C:/Program Files/Unity/Hub/Editor/2021.3.22f1/Editor/Data/MonoBleedingEdge/lib/mono/unityjit-win32'
Mono config path = 'C:/Program Files/Unity/Hub/Editor/2021.3.22f1/Editor/Data/MonoBleedingEdge/etc'
Using monoOptions --debugger-agent=transport=dt_socket,embedding=1,server=y,suspend=n,address=127.0.0.1:56148
Begin MonoManager ReloadAssembly
Registering precompiled unity dll's ...
Register platform support module: C:/Program Files/Unity/Hub/Editor/2021.3.22f1/Editor/Data/PlaybackEngines/WindowsStandaloneSupport/UnityEditor.WindowsStandalone.Extensions.dll
Registered in 0.008043 seconds.
Native extension for WindowsStandalone target not found
Refreshing native plugins compatible for Editor in 78.24 ms, found 4 plugins.
Preloading 0 native plugins for Editor in 0.00 ms.
Mono: successfully reloaded assembly
- Completed reload, in  0.615 seconds
Domain Reload Profiling:
	ReloadAssembly (616ms)
		BeginReloadAssembly (59ms)
			ExecutionOrderSort (0ms)
			DisableScriptedObjects (0ms)
			BackupInstance (0ms)
			ReleaseScriptingObjects (0ms)
			CreateAndSetChildDomain (0ms)
		EndReloadAssembly (455ms)
			LoadAssemblies (57ms)
			RebuildTransferFunctionScriptingTraits (0ms)
			SetupTypeCache (95ms)
			ReleaseScriptCaches (0ms)
			RebuildScriptCaches (27ms)
			SetupLoadedEditorAssemblies (280ms)
				LogAssemblyErrors (0ms)
				InitializePlatformSupportModulesInManaged (8ms)
				SetLoadedEditorAssemblies (0ms)
				RefreshPlugins (78ms)
				BeforeProcessingInitializeOnLoad (1ms)
				ProcessInitializeOnLoadAttributes (143ms)
				ProcessInitializeOnLoadMethodAttributes (49ms)
				AfterProcessingInitializeOnLoad (0ms)
				EditorAssembliesLoaded (0ms)
			ExecutionOrderSort2 (0ms)
			AwakeInstancesAfterBackupRestoration (0ms)
Platform modules already initialized, skipping
Registering precompiled user dll's ...
Registered in 0.007344 seconds.
Begin MonoManager ReloadAssembly
Symbol file LoadedFromMemory doesn't match image C:\Users\Ryan\Documents\GitHub\Orc-Hunt\Orc Hunt\Library\PackageCache\com.unity.visualscripting@1.8.0\Editor\VisualScripting.Core\Dependencies\YamlDotNet\Unity.VisualScripting.YamlDotNet.dll
Symbol file LoadedFromMemory doesn't match image C:\Users\Ryan\Documents\GitHub\Orc-Hunt\Orc Hunt\Library\PackageCache\com.unity.visualscripting@1.8.0\Editor\VisualScripting.Core\Dependencies\DotNetZip\Unity.VisualScripting.IonicZip.dll
Native extension for WindowsStandalone target not found
Refreshing native plugins compatible for Editor in 78.57 ms, found 4 plugins.
Preloading 0 native plugins for Editor in 0.00 ms.
Mono: successfully reloaded assembly
- Completed reload, in  1.240 seconds
Domain Reload Profiling:
	ReloadAssembly (1241ms)
		BeginReloadAssembly (134ms)
			ExecutionOrderSort (0ms)
			DisableScriptedObjects (6ms)
			BackupInstance (0ms)
			ReleaseScriptingObjects (0ms)
			CreateAndSetChildDomain (23ms)
		EndReloadAssembly (1004ms)
			LoadAssemblies (96ms)
			RebuildTransferFunctionScriptingTraits (0ms)
			SetupTypeCache (208ms)
			ReleaseScriptCaches (1ms)
			RebuildScriptCaches (56ms)
			SetupLoadedEditorAssemblies (609ms)
				LogAssemblyErrors (0ms)
				InitializePlatformSupportModulesInManaged (5ms)
				SetLoadedEditorAssemblies (0ms)
				RefreshPlugins (79ms)
				BeforeProcessingInitializeOnLoad (89ms)
				ProcessInitializeOnLoadAttributes (394ms)
				ProcessInitializeOnLoadMethodAttributes (33ms)
				AfterProcessingInitializeOnLoad (9ms)
				EditorAssembliesLoaded (0ms)
			ExecutionOrderSort2 (0ms)
			AwakeInstancesAfterBackupRestoration (9ms)
Platform modules already initialized, skipping
========================================================================
Worker process is ready to serve import requests
Launched and connected shader compiler UnityShaderCompiler.exe after 0.04 seconds
Refreshing native plugins compatible for Editor in 0.69 ms, found 4 plugins.
Preloading 0 native plugins for Editor in 0.00 ms.
Unloading 3734 Unused Serialized files (Serialized files now loaded: 0)
Unloading 41 unused Assets / (229.1 KB). Loaded Objects now: 4187.
Memory consumption went from 142.7 MB to 142.5 MB.
Total: 3.567500 ms (FindLiveObjects: 0.464400 ms CreateObjectMapping: 0.107600 ms MarkObjects: 2.845900 ms  DeleteObjects: 0.148700 ms)

AssetImportParameters requested are different than current active one (requested -> active):
  custom:video-decoder-ogg-theora: a1e56fd34408186e4bbccfd4996cb3dc -> 
  custom:container-muxer-webm: aa71ff27fc2769a1b78a27578f13a17b -> 
  custom:container-demuxer-webm: 4f35f7cbe854078d1ac9338744f61a02 -> 
  custom:video-encoder-webm-vp8: eb34c28f22e8b96e1ab97ce403110664 -> 
  custom:audio-encoder-webm-vorbis: bf7c407c2cedff20999df2af8eb42d56 -> 
  custom:framework-win-MediaFoundation: 216162199b28c13a410421893ffa2e32 -> 
  custom:container-demuxer-ogg: 62fdf1f143b41e24485cea50d1cbac27 -> 
  custom:video-decoder-webm-vp8: 9c59270c3fd7afecdb556c50c9e8de78 -> 
  custom:audio-decoder-ogg-vorbis: bf7c407c2cedff20999df2af8eb42d56 -> 
========================================================================
Received Import Request.
  Time since last request: 1669923.273269 seconds.
  path: Assets/Sprites/Human/Sheets/Minifantasy_CreaturesHumanBaseChargedAttack.png
  artifactKey: Guid(45524b714b87439439308bb7300c1f16) Importer(815301076,1909f56bfc062723c751e8b465ee728b)
Start importing Assets/Sprites/Human/Sheets/Minifantasy_CreaturesHumanBaseChargedAttack.png using Guid(45524b714b87439439308bb7300c1f16) Importer(815301076,1909f56bfc062723c751e8b465ee728b)  -> (artifact id: 'fba4b7e62def325155c05ec920064171') in 0.107201 seconds 
========================================================================
Received Import Request.
  Time since last request: 0.000027 seconds.
  path: Assets/Sprites/Human/Sheets/Minifantasy_CreaturesHumanBaseSpinDie.png
  artifactKey: Guid(adf6b664248978b4993fa942871cf706) Importer(815301076,1909f56bfc062723c751e8b465ee728b)
Start importing Assets/Sprites/Human/Sheets/Minifantasy_CreaturesHumanBaseSpinDie.png using Guid(adf6b664248978b4993fa942871cf706) Importer(815301076,1909f56bfc062723c751e8b465ee728b)  -> (artifact id: 'acad49b37d5677f8bea9d6e2fef7d8a2') in 0.012651 seconds 
========================================================================
Received Import Request.
  Time since last request: 0.000024 seconds.
  path: Assets/Sprites/Human/Sheets/Minifantasy_CreaturesHumanBaseIdle.png
  artifactKey: Guid(cf3e7e6ecd7b40a4594d2c5e74be0c4d) Importer(815301076,1909f56bfc062723c751e8b465ee728b)
Start importing Assets/Sprites/Human/Sheets/Minifantasy_CreaturesHumanBaseIdle.png using Guid(cf3e7e6ecd7b40a4594d2c5e74be0c4d) Importer(815301076,1909f56bfc062723c751e8b465ee728b)  -> (artifact id: '0fe7ff2331d40ee5352e21801c2d6698') in 0.018184 seconds 
========================================================================
Received Import Request.
  Time since last request: 0.000024 seconds.
  path: Assets/Sprites/Human/Sheets/Minifantasy_CreaturesHumanBaseWalk.png
  artifactKey: Guid(2a934647c55b582449e1e830801f3e15) Importer(815301076,1909f56bfc062723c751e8b465ee728b)
Start importing Assets/Sprites/Human/Sheets/Minifantasy_CreaturesHumanBaseWalk.png using Guid(2a934647c55b582449e1e830801f3e15) Importer(815301076,1909f56bfc062723c751e8b465ee728b)  -> (artifact id: '324b688ea00fb1a1be4daec38179d5d6') in 0.015443 seconds 
========================================================================
Received Import Request.
  Time since last request: 45.214900 seconds.
  path: Assets/Sprites/Human/Sheets/Minifantasy_CreaturesHumanBaseChargedAttack.png
  artifactKey: Guid(45524b714b87439439308bb7300c1f16) Importer(815301076,1909f56bfc062723c751e8b465ee728b)
Start importing Assets/Sprites/Human/Sheets/Minifantasy_CreaturesHumanBaseChargedAttack.png using Guid(45524b714b87439439308bb7300c1f16) Importer(815301076,1909f56bfc062723c751e8b465ee728b)  -> (artifact id: 'da3447c73c6e08cf4a9b398b9b40f0d2') in 0.011245 seconds 
========================================================================
Received Import Request.
  Time since last request: 0.000022 seconds.
  path: Assets/Sprites/Human/Sheets/Minifantasy_CreaturesHumanBaseSpinDie.png
  artifactKey: Guid(adf6b664248978b4993fa942871cf706) Importer(815301076,1909f56bfc062723c751e8b465ee728b)
Start importing Assets/Sprites/Human/Sheets/Minifantasy_CreaturesHumanBaseSpinDie.png using Guid(adf6b664248978b4993fa942871cf706) Importer(815301076,1909f56bfc062723c751e8b465ee728b)  -> (artifact id: '22e30b74a41eccd15b6405fa378f3036') in 0.008868 seconds 
========================================================================
Received Import Request.
  Time since last request: 0.000022 seconds.
  path: Assets/Sprites/Human/Sheets/Minifantasy_CreaturesHumanBaseWalk.png
  artifactKey: Guid(2a934647c55b582449e1e830801f3e15) Importer(815301076,1909f56bfc062723c751e8b465ee728b)
Start importing Assets/Sprites/Human/Sheets/Minifantasy_CreaturesHumanBaseWalk.png using Guid(2a934647c55b582449e1e830801f3e15) Importer(815301076,1909f56bfc062723c751e8b465ee728b)  -> (artifact id: 'e16c94219d6483d37c1e2d772ab08ccc') in 0.008460 seconds 
========================================================================
Received Import Request.
  Time since last request: 47.602330 seconds.
  path: Assets/Sprites/Human/Sheets/Minifantasy_CreaturesHumanBaseSoulDie.png
  artifactKey: Guid(fd61f28ace70ebb42b7611cecf41344b) Importer(815301076,1909f56bfc062723c751e8b465ee728b)
Start importing Assets/Sprites/Human/Sheets/Minifantasy_CreaturesHumanBaseSoulDie.png using Guid(fd61f28ace70ebb42b7611cecf41344b) Importer(815301076,1909f56bfc062723c751e8b465ee728b)  -> (artifact id: '564dc33a19b4d52f46b50ddf52e699ae') in 0.019567 seconds 
========================================================================
Received Import Request.
  Time since last request: 569.736168 seconds.
  path: Assets/Sprites/Human/Sheets/Human_Idle_BR.png
  artifactKey: Guid(5211cc62b9cb2b5479f2efa77d357279) Importer(815301076,1909f56bfc062723c751e8b465ee728b)
Start importing Assets/Sprites/Human/Sheets/Human_Idle_BR.png using Guid(5211cc62b9cb2b5479f2efa77d357279) Importer(815301076,1909f56bfc062723c751e8b465ee728b)  -> (artifact id: '1a455e40995a6d0b0787cd8da3ff385b') in 0.023513 seconds 
========================================================================
Received Import Request.
  Time since last request: 14.360758 seconds.
  path: Assets/Sprites/Human/Sheets/Human_Idle_BR.png
  artifactKey: Guid(5211cc62b9cb2b5479f2efa77d357279) Importer(815301076,1909f56bfc062723c751e8b465ee728b)
Start importing Assets/Sprites/Human/Sheets/Human_Idle_BR.png using Guid(5211cc62b9cb2b5479f2efa77d357279) Importer(815301076,1909f56bfc062723c751e8b465ee728b)  -> (artifact id: '376775a63e4b5d05201de49e3f231458') in 0.010511 seconds 
========================================================================
Received Import Request.
  Time since last request: 367.296701 seconds.
  path: Assets/Sprites/Human/Sheets/Human_Run_BR.png
  artifactKey: Guid(3ea182563a56c4c4ea2cbcf712e8d59b) Importer(815301076,1909f56bfc062723c751e8b465ee728b)
Start importing Assets/Sprites/Human/Sheets/Human_Run_BR.png using Guid(3ea182563a56c4c4ea2cbcf712e8d59b) Importer(815301076,1909f56bfc062723c751e8b465ee728b)  -> (artifact id: 'bcf2f8b452d4a8a40b29806c1ec16435') in 0.024563 seconds 
========================================================================
Received Import Request.
  Time since last request: 0.000022 seconds.
  path: Assets/Sprites/Human/Sheets/Human_Run_FL.png
  artifactKey: Guid(cb310b3d846847f47ad29e2d1afcbf75) Importer(815301076,1909f56bfc062723c751e8b465ee728b)
Start importing Assets/Sprites/Human/Sheets/Human_Run_FL.png using Guid(cb310b3d846847f47ad29e2d1afcbf75) Importer(815301076,1909f56bfc062723c751e8b465ee728b)  -> (artifact id: 'a1a6d96c484157f3c90c758a09efe42f') in 0.011357 seconds 
========================================================================
Received Import Request.
  Time since last request: 7.744064 seconds.
  path: Assets/Sprites/Human/Sheets/Human_Run_BR.png
  artifactKey: Guid(3ea182563a56c4c4ea2cbcf712e8d59b) Importer(815301076,1909f56bfc062723c751e8b465ee728b)
Start importing Assets/Sprites/Human/Sheets/Human_Run_BR.png using Guid(3ea182563a56c4c4ea2cbcf712e8d59b) Importer(815301076,1909f56bfc062723c751e8b465ee728b)  -> (artifact id: '28a1e97dc10fb5b42a34fed607116fc1') in 0.016374 seconds 
========================================================================
Received Import Request.
  Time since last request: 336.437932 seconds.
  path: Assets/Sprites/Human/Sheets/Human_Hit_BR.png
  artifactKey: Guid(6b9d61b8d706f40469b5257c193c6d5e) Importer(815301076,1909f56bfc062723c751e8b465ee728b)
Start importing Assets/Sprites/Human/Sheets/Human_Hit_BR.png using Guid(6b9d61b8d706f40469b5257c193c6d5e) Importer(815301076,1909f56bfc062723c751e8b465ee728b)  -> (artifact id: 'e0b97f6f0be27b433067248d5d2b5bed') in 0.015444 seconds 
========================================================================
Received Import Request.
  Time since last request: 0.000016 seconds.
  path: Assets/Sprites/Human/Sheets/Human_Hit_FL.png
  artifactKey: Guid(a3470820e5588664b917639804c74762) Importer(815301076,1909f56bfc062723c751e8b465ee728b)
Start importing Assets/Sprites/Human/Sheets/Human_Hit_FL.png using Guid(a3470820e5588664b917639804c74762) Importer(815301076,1909f56bfc062723c751e8b465ee728b)  -> (artifact id: '20943d63ae0d9c18b2723f0c4829986b') in 0.017317 seconds 
========================================================================
Received Import Request.
  Time since last request: 17.074758 seconds.
  path: Assets/Sprites/Human/Sheets/Human_Hit_FL.png
  artifactKey: Guid(a3470820e5588664b917639804c74762) Importer(815301076,1909f56bfc062723c751e8b465ee728b)
Start importing Assets/Sprites/Human/Sheets/Human_Hit_FL.png using Guid(a3470820e5588664b917639804c74762) Importer(815301076,1909f56bfc062723c751e8b465ee728b)  -> (artifact id: '9380e0d78db893de19e1bc7819ed1fe1') in 0.011971 seconds 
