Using pre-set license
Built from '2021.3/staging' branch; Version is '2021.3.22f1 (b6c551784ba3) revision 11978065'; Using compiler version '192829333'; Build Type 'Release'
OS: 'Windows 10  (10.0.19045) 64bit Core' Language: 'en' Physical Memory: 32611 MB
BatchMode: 1, IsHumanControllingUs: 0, StartBugReporterOnCrash: 0, Is64bit: 1, IsPro: 1

COMMAND LINE ARGUMENTS:
C:\Program Files\Unity\Hub\Editor\2021.3.22f1\Editor\Unity.exe
-adb2
-batchMode
-noUpm
-name
AssetImportWorker3
-projectPath
C:/Users/RyanZ/Documents/GitHub/Orc-Hunt/Orc Hunt
-logFile
Logs/AssetImportWorker3.log
-srvPort
64217
Successfully changed project path to: C:/Users/RyanZ/Documents/GitHub/Orc-Hunt/Orc Hunt
C:/Users/RyanZ/Documents/GitHub/Orc-Hunt/Orc Hunt
[UnityMemory] Configuration Parameters - Can be set up in boot.config
    "memorysetup-bucket-allocator-granularity=16"
    "memorysetup-bucket-allocator-bucket-count=8"
    "memorysetup-bucket-allocator-block-size=33554432"
    "memorysetup-bucket-allocator-block-count=8"
    "memorysetup-main-allocator-block-size=16777216"
    "memorysetup-thread-allocator-block-size=16777216"
    "memorysetup-gfx-main-allocator-block-size=16777216"
    "memorysetup-gfx-thread-allocator-block-size=16777216"
    "memorysetup-cache-allocator-block-size=4194304"
    "memorysetup-typetree-allocator-block-size=2097152"
    "memorysetup-profiler-bucket-allocator-granularity=16"
    "memorysetup-profiler-bucket-allocator-bucket-count=8"
    "memorysetup-profiler-bucket-allocator-block-size=33554432"
    "memorysetup-profiler-bucket-allocator-block-count=8"
    "memorysetup-profiler-allocator-block-size=16777216"
    "memorysetup-profiler-editor-allocator-block-size=1048576"
    "memorysetup-temp-allocator-size-main=16777216"
    "memorysetup-job-temp-allocator-block-size=2097152"
    "memorysetup-job-temp-allocator-block-size-background=1048576"
    "memorysetup-job-temp-allocator-reduction-small-platforms=262144"
    "memorysetup-temp-allocator-size-background-worker=32768"
    "memorysetup-temp-allocator-size-job-worker=262144"
    "memorysetup-temp-allocator-size-preload-manager=33554432"
    "memorysetup-temp-allocator-size-nav-mesh-worker=65536"
    "memorysetup-temp-allocator-size-audio-worker=65536"
    "memorysetup-temp-allocator-size-cloud-worker=32768"
    "memorysetup-temp-allocator-size-gi-baking-worker=262144"
    "memorysetup-temp-allocator-size-gfx=262144"
Player connection [1624] Host "[IP] 128.217.226.126 [Port] 0 [Flags] 2 [Guid] 2108222514 [EditorId] 2108222514 [Version] 1048832 [Id] WindowsEditor(7,DESKTOP-TBPDB4F) [Debug] 1 [PackageName] WindowsEditor [ProjectName] Editor" joined multi-casting on [225.0.0.222:54997]...

Player connection [1624] Host "[IP] 128.217.226.126 [Port] 0 [Flags] 2 [Guid] 2108222514 [EditorId] 2108222514 [Version] 1048832 [Id] WindowsEditor(7,DESKTOP-TBPDB4F) [Debug] 1 [PackageName] WindowsEditor [ProjectName] Editor" joined alternative multi-casting on [225.0.0.222:34997]...

Refreshing native plugins compatible for Editor in 137.59 ms, found 4 plugins.
Preloading 0 native plugins for Editor in 0.00 ms.
Initialize engine version: 2021.3.22f1 (b6c551784ba3)
[Subsystems] Discovering subsystems at path C:/Program Files/Unity/Hub/Editor/2021.3.22f1/Editor/Data/Resources/UnitySubsystems
[Subsystems] Discovering subsystems at path C:/Users/RyanZ/Documents/GitHub/Orc-Hunt/Orc Hunt/Assets
GfxDevice: creating device client; threaded=0; jobified=0
Direct3D:
    Version:  Direct3D 11.0 [level 11.1]
    Renderer: NVIDIA GeForce GTX 1660 Ti (ID=0x2191)
    Vendor:   NVIDIA
    VRAM:     5979 MB
    Driver:   31.0.15.3179
Initialize mono
Mono path[0] = 'C:/Program Files/Unity/Hub/Editor/2021.3.22f1/Editor/Data/Managed'
Mono path[1] = 'C:/Program Files/Unity/Hub/Editor/2021.3.22f1/Editor/Data/MonoBleedingEdge/lib/mono/unityjit-win32'
Mono config path = 'C:/Program Files/Unity/Hub/Editor/2021.3.22f1/Editor/Data/MonoBleedingEdge/etc'
Using monoOptions --debugger-agent=transport=dt_socket,embedding=1,server=y,suspend=n,address=127.0.0.1:56628
Begin MonoManager ReloadAssembly
Registering precompiled unity dll's ...
Register platform support module: C:/Program Files/Unity/Hub/Editor/2021.3.22f1/Editor/Data/PlaybackEngines/WindowsStandaloneSupport/UnityEditor.WindowsStandalone.Extensions.dll
Registered in 0.011527 seconds.
Native extension for WindowsStandalone target not found
Refreshing native plugins compatible for Editor in 129.88 ms, found 4 plugins.
Preloading 0 native plugins for Editor in 0.00 ms.
Mono: successfully reloaded assembly
- Completed reload, in  0.927 seconds
Domain Reload Profiling:
	ReloadAssembly (927ms)
		BeginReloadAssembly (130ms)
			ExecutionOrderSort (0ms)
			DisableScriptedObjects (0ms)
			BackupInstance (0ms)
			ReleaseScriptingObjects (0ms)
			CreateAndSetChildDomain (1ms)
		EndReloadAssembly (651ms)
			LoadAssemblies (126ms)
			RebuildTransferFunctionScriptingTraits (0ms)
			SetupTypeCache (143ms)
			ReleaseScriptCaches (0ms)
			RebuildScriptCaches (38ms)
			SetupLoadedEditorAssemblies (398ms)
				LogAssemblyErrors (0ms)
				InitializePlatformSupportModulesInManaged (11ms)
				SetLoadedEditorAssemblies (0ms)
				RefreshPlugins (130ms)
				BeforeProcessingInitializeOnLoad (2ms)
				ProcessInitializeOnLoadAttributes (189ms)
				ProcessInitializeOnLoadMethodAttributes (65ms)
				AfterProcessingInitializeOnLoad (0ms)
				EditorAssembliesLoaded (0ms)
			ExecutionOrderSort2 (0ms)
			AwakeInstancesAfterBackupRestoration (0ms)
Platform modules already initialized, skipping
Registering precompiled user dll's ...
Registered in 0.012348 seconds.
Begin MonoManager ReloadAssembly
Symbol file LoadedFromMemory doesn't match image C:\Users\RyanZ\Documents\GitHub\Orc-Hunt\Orc Hunt\Library\PackageCache\com.unity.visualscripting@1.8.0\Editor\VisualScripting.Core\Dependencies\YamlDotNet\Unity.VisualScripting.YamlDotNet.dll
Symbol file LoadedFromMemory doesn't match image C:\Users\RyanZ\Documents\GitHub\Orc-Hunt\Orc Hunt\Library\PackageCache\com.unity.visualscripting@1.8.0\Editor\VisualScripting.Core\Dependencies\DotNetZip\Unity.VisualScripting.IonicZip.dll
Native extension for WindowsStandalone target not found
Refreshing native plugins compatible for Editor in 129.92 ms, found 4 plugins.
Preloading 0 native plugins for Editor in 0.00 ms.
Mono: successfully reloaded assembly
- Completed reload, in  1.798 seconds
Domain Reload Profiling:
	ReloadAssembly (1799ms)
		BeginReloadAssembly (165ms)
			ExecutionOrderSort (0ms)
			DisableScriptedObjects (7ms)
			BackupInstance (0ms)
			ReleaseScriptingObjects (0ms)
			CreateAndSetChildDomain (24ms)
		EndReloadAssembly (1474ms)
			LoadAssemblies (134ms)
			RebuildTransferFunctionScriptingTraits (0ms)
			SetupTypeCache (326ms)
			ReleaseScriptCaches (1ms)
			RebuildScriptCaches (82ms)
			SetupLoadedEditorAssemblies (882ms)
				LogAssemblyErrors (0ms)
				InitializePlatformSupportModulesInManaged (7ms)
				SetLoadedEditorAssemblies (0ms)
				RefreshPlugins (130ms)
				BeforeProcessingInitializeOnLoad (138ms)
				ProcessInitializeOnLoadAttributes (550ms)
				ProcessInitializeOnLoadMethodAttributes (44ms)
				AfterProcessingInitializeOnLoad (13ms)
				EditorAssembliesLoaded (0ms)
			ExecutionOrderSort2 (0ms)
			AwakeInstancesAfterBackupRestoration (8ms)
Platform modules already initialized, skipping
========================================================================
Worker process is ready to serve import requests
Launched and connected shader compiler UnityShaderCompiler.exe after 0.06 seconds
Refreshing native plugins compatible for Editor in 1.32 ms, found 4 plugins.
Preloading 0 native plugins for Editor in 0.00 ms.
Unloading 3734 Unused Serialized files (Serialized files now loaded: 0)
Unloading 41 unused Assets / (229.1 KB). Loaded Objects now: 4187.
Memory consumption went from 142.6 MB to 142.4 MB.
Total: 8.122900 ms (FindLiveObjects: 0.475800 ms CreateObjectMapping: 0.395700 ms MarkObjects: 6.710100 ms  DeleteObjects: 0.540000 ms)

AssetImportParameters requested are different than current active one (requested -> active):
  custom:video-decoder-ogg-theora: a1e56fd34408186e4bbccfd4996cb3dc -> 
  custom:container-muxer-webm: aa71ff27fc2769a1b78a27578f13a17b -> 
  custom:container-demuxer-webm: 4f35f7cbe854078d1ac9338744f61a02 -> 
  custom:video-encoder-webm-vp8: eb34c28f22e8b96e1ab97ce403110664 -> 
  custom:audio-encoder-webm-vorbis: bf7c407c2cedff20999df2af8eb42d56 -> 
  custom:framework-win-MediaFoundation: 216162199b28c13a410421893ffa2e32 -> 
  custom:container-demuxer-ogg: 62fdf1f143b41e24485cea50d1cbac27 -> 
  custom:video-decoder-webm-vp8: 9c59270c3fd7afecdb556c50c9e8de78 -> 
  custom:audio-decoder-ogg-vorbis: bf7c407c2cedff20999df2af8eb42d56 -> 
========================================================================
Received Import Request.
  Time since last request: 2159923.997839 seconds.
  path: Assets/Sprites/Orc/Sheets/Orc_Attack_BR.png
  artifactKey: Guid(294bc76a4633b4c438f4a27d4c80a499) Importer(815301076,1909f56bfc062723c751e8b465ee728b)
Start importing Assets/Sprites/Orc/Sheets/Orc_Attack_BR.png using Guid(294bc76a4633b4c438f4a27d4c80a499) Importer(815301076,1909f56bfc062723c751e8b465ee728b)  -> (artifact id: '6332856f5d0e5868ba30a3e209dc85b0') in 0.144210 seconds 
========================================================================
Received Import Request.
  Time since last request: 0.000042 seconds.
  path: Assets/Sprites/Orc/Sheets/Orc_Hit_FR.png
  artifactKey: Guid(4fcc4b111be178c448714b792570d0b5) Importer(815301076,1909f56bfc062723c751e8b465ee728b)
Start importing Assets/Sprites/Orc/Sheets/Orc_Hit_FR.png using Guid(4fcc4b111be178c448714b792570d0b5) Importer(815301076,1909f56bfc062723c751e8b465ee728b)  -> (artifact id: 'dc1d2a4faac1d3a92784221f03a3c3ff') in 0.022377 seconds 
========================================================================
Received Import Request.
  Time since last request: 0.000036 seconds.
  path: Assets/Sprites/Orc/Sheets/Orc_Hit_BL.png
  artifactKey: Guid(bb40069f99221f241ba7be0b1421bfe6) Importer(815301076,1909f56bfc062723c751e8b465ee728b)
Start importing Assets/Sprites/Orc/Sheets/Orc_Hit_BL.png using Guid(bb40069f99221f241ba7be0b1421bfe6) Importer(815301076,1909f56bfc062723c751e8b465ee728b)  -> (artifact id: '776fac79a11b51f741307896fb6443e8') in 0.023798 seconds 
========================================================================
Received Import Request.
  Time since last request: 0.000044 seconds.
  path: Assets/Sprites/Orc/Sheets/Orc_Hit_FL.png
  artifactKey: Guid(d8041846cdab22e4b92505ec908a1914) Importer(815301076,1909f56bfc062723c751e8b465ee728b)
Start importing Assets/Sprites/Orc/Sheets/Orc_Hit_FL.png using Guid(d8041846cdab22e4b92505ec908a1914) Importer(815301076,1909f56bfc062723c751e8b465ee728b)  -> (artifact id: '6259f91705312c1030ef312b2f9b63db') in 0.024927 seconds 
========================================================================
Received Import Request.
  Time since last request: 17.542181 seconds.
  path: Assets/Sprites/Orc/Sheets/Orc_Attack_FL.png
  artifactKey: Guid(cd17638262e1e6440ac9568ef4a36c85) Importer(815301076,1909f56bfc062723c751e8b465ee728b)
Start importing Assets/Sprites/Orc/Sheets/Orc_Attack_FL.png using Guid(cd17638262e1e6440ac9568ef4a36c85) Importer(815301076,1909f56bfc062723c751e8b465ee728b)  -> (artifact id: 'ad3f6290035c421a1e70fbf632fa8ee9') in 0.014736 seconds 
========================================================================
Received Import Request.
  Time since last request: 0.010118 seconds.
  path: Assets/Sprites/Orc/Sheets/Orc_Hit_BL.png
  artifactKey: Guid(bb40069f99221f241ba7be0b1421bfe6) Importer(815301076,1909f56bfc062723c751e8b465ee728b)
Start importing Assets/Sprites/Orc/Sheets/Orc_Hit_BL.png using Guid(bb40069f99221f241ba7be0b1421bfe6) Importer(815301076,1909f56bfc062723c751e8b465ee728b)  -> (artifact id: '0f26949628681b89ceb253ab8cf41638') in 0.017937 seconds 
========================================================================
Received Import Request.
  Time since last request: 0.000037 seconds.
  path: Assets/Sprites/Orc/Sheets/Orc_Run_FR.png
  artifactKey: Guid(bdd3b4788a4acf84a8791b47de1e966b) Importer(815301076,1909f56bfc062723c751e8b465ee728b)
Start importing Assets/Sprites/Orc/Sheets/Orc_Run_FR.png using Guid(bdd3b4788a4acf84a8791b47de1e966b) Importer(815301076,1909f56bfc062723c751e8b465ee728b)  -> (artifact id: '61dda18acdf4e5ae0ed9748913e7d65a') in 0.018883 seconds 
========================================================================
Received Import Request.
  Time since last request: 0.000032 seconds.
  path: Assets/Sprites/Orc/Sheets/Orc_Idle_FR.png
  artifactKey: Guid(cf7f14390610b184ea5f0eb5d7bdf345) Importer(815301076,1909f56bfc062723c751e8b465ee728b)
Start importing Assets/Sprites/Orc/Sheets/Orc_Idle_FR.png using Guid(cf7f14390610b184ea5f0eb5d7bdf345) Importer(815301076,1909f56bfc062723c751e8b465ee728b)  -> (artifact id: '746976509214b8ba4cbe555ebf93cd2b') in 0.018137 seconds 
========================================================================
Received Import Request.
  Time since last request: 0.000027 seconds.
  path: Assets/Sprites/Orc/Sheets/Orc_Idle_FL.png
  artifactKey: Guid(7b251db41b080044ca677b9fe5188d05) Importer(815301076,1909f56bfc062723c751e8b465ee728b)
Start importing Assets/Sprites/Orc/Sheets/Orc_Idle_FL.png using Guid(7b251db41b080044ca677b9fe5188d05) Importer(815301076,1909f56bfc062723c751e8b465ee728b)  -> (artifact id: '3985c4582030b6812bb7329447fa6bf2') in 0.014666 seconds 
========================================================================
Received Import Request.
  Time since last request: 0.000034 seconds.
  path: Assets/Sprites/Orc/Sheets/Orc_Run_FL.png
  artifactKey: Guid(b745d3b06a052194991d0a3801da0234) Importer(815301076,1909f56bfc062723c751e8b465ee728b)
Start importing Assets/Sprites/Orc/Sheets/Orc_Run_FL.png using Guid(b745d3b06a052194991d0a3801da0234) Importer(815301076,1909f56bfc062723c751e8b465ee728b)  -> (artifact id: 'f08fe9a5b55eafec7fcd023c8a3bf84d') in 0.019528 seconds 
========================================================================
Received Import Request.
  Time since last request: 0.000031 seconds.
  path: Assets/Sprites/Orc/Sheets/Orc_Run_BL.png
  artifactKey: Guid(81e29a1d303fbd74bb9aadac8a3bc85d) Importer(815301076,1909f56bfc062723c751e8b465ee728b)
Start importing Assets/Sprites/Orc/Sheets/Orc_Run_BL.png using Guid(81e29a1d303fbd74bb9aadac8a3bc85d) Importer(815301076,1909f56bfc062723c751e8b465ee728b)  -> (artifact id: 'dfb700e97e522d9f26eaa262f71b948f') in 0.014810 seconds 
Editor requested this worker to shutdown with reason: Scaling down because of idle timeout
AssetImportWorker is now disconnected from the server
Process exiting
Exiting without the bug reporter. Application will terminate with return code 0