Using pre-set license
Built from '2021.3/staging' branch; Version is '2021.3.22f1 (b6c551784ba3) revision 11978065'; Using compiler version '192829333'; Build Type 'Release'
OS: 'Windows 10  (10.0.19045) 64bit Core' Language: 'en' Physical Memory: 32611 MB
BatchMode: 1, IsHumanControllingUs: 0, StartBugReporterOnCrash: 0, Is64bit: 1, IsPro: 1

COMMAND LINE ARGUMENTS:
C:\Program Files\Unity\Hub\Editor\2021.3.22f1\Editor\Unity.exe
-adb2
-batchMode
-noUpm
-name
AssetImportWorker8
-projectPath
C:/Users/RyanZ/Documents/GitHub/Orc-Hunt/Orc Hunt
-logFile
Logs/AssetImportWorker8.log
-srvPort
64217
Successfully changed project path to: C:/Users/RyanZ/Documents/GitHub/Orc-Hunt/Orc Hunt
C:/Users/RyanZ/Documents/GitHub/Orc-Hunt/Orc Hunt
[UnityMemory] Configuration Parameters - Can be set up in boot.config
    "memorysetup-bucket-allocator-granularity=16"
    "memorysetup-bucket-allocator-bucket-count=8"
    "memorysetup-bucket-allocator-block-size=33554432"
    "memorysetup-bucket-allocator-block-count=8"
    "memorysetup-main-allocator-block-size=16777216"
    "memorysetup-thread-allocator-block-size=16777216"
    "memorysetup-gfx-main-allocator-block-size=16777216"
    "memorysetup-gfx-thread-allocator-block-size=16777216"
    "memorysetup-cache-allocator-block-size=4194304"
    "memorysetup-typetree-allocator-block-size=2097152"
    "memorysetup-profiler-bucket-allocator-granularity=16"
    "memorysetup-profiler-bucket-allocator-bucket-count=8"
    "memorysetup-profiler-bucket-allocator-block-size=33554432"
    "memorysetup-profiler-bucket-allocator-block-count=8"
    "memorysetup-profiler-allocator-block-size=16777216"
    "memorysetup-profiler-editor-allocator-block-size=1048576"
    "memorysetup-temp-allocator-size-main=16777216"
    "memorysetup-job-temp-allocator-block-size=2097152"
    "memorysetup-job-temp-allocator-block-size-background=1048576"
    "memorysetup-job-temp-allocator-reduction-small-platforms=262144"
    "memorysetup-temp-allocator-size-background-worker=32768"
    "memorysetup-temp-allocator-size-job-worker=262144"
    "memorysetup-temp-allocator-size-preload-manager=33554432"
    "memorysetup-temp-allocator-size-nav-mesh-worker=65536"
    "memorysetup-temp-allocator-size-audio-worker=65536"
    "memorysetup-temp-allocator-size-cloud-worker=32768"
    "memorysetup-temp-allocator-size-gi-baking-worker=262144"
    "memorysetup-temp-allocator-size-gfx=262144"
Player connection [12280] Host "[IP] 128.217.226.126 [Port] 0 [Flags] 2 [Guid] 1178521577 [EditorId] 1178521577 [Version] 1048832 [Id] WindowsEditor(7,DESKTOP-TBPDB4F) [Debug] 1 [PackageName] WindowsEditor [ProjectName] Editor" joined multi-casting on [225.0.0.222:54997]...

Player connection [12280] Host "[IP] 128.217.226.126 [Port] 0 [Flags] 2 [Guid] 1178521577 [EditorId] 1178521577 [Version] 1048832 [Id] WindowsEditor(7,DESKTOP-TBPDB4F) [Debug] 1 [PackageName] WindowsEditor [ProjectName] Editor" joined alternative multi-casting on [225.0.0.222:34997]...

Refreshing native plugins compatible for Editor in 136.24 ms, found 4 plugins.
Preloading 0 native plugins for Editor in 0.00 ms.
Initialize engine version: 2021.3.22f1 (b6c551784ba3)
[Subsystems] Discovering subsystems at path C:/Program Files/Unity/Hub/Editor/2021.3.22f1/Editor/Data/Resources/UnitySubsystems
[Subsystems] Discovering subsystems at path C:/Users/RyanZ/Documents/GitHub/Orc-Hunt/Orc Hunt/Assets
GfxDevice: creating device client; threaded=0; jobified=0
Direct3D:
    Version:  Direct3D 11.0 [level 11.1]
    Renderer: NVIDIA GeForce GTX 1660 Ti (ID=0x2191)
    Vendor:   NVIDIA
    VRAM:     5979 MB
    Driver:   31.0.15.3179
Initialize mono
Mono path[0] = 'C:/Program Files/Unity/Hub/Editor/2021.3.22f1/Editor/Data/Managed'
Mono path[1] = 'C:/Program Files/Unity/Hub/Editor/2021.3.22f1/Editor/Data/MonoBleedingEdge/lib/mono/unityjit-win32'
Mono config path = 'C:/Program Files/Unity/Hub/Editor/2021.3.22f1/Editor/Data/MonoBleedingEdge/etc'
Using monoOptions --debugger-agent=transport=dt_socket,embedding=1,server=y,suspend=n,address=127.0.0.1:56396
Begin MonoManager ReloadAssembly
Registering precompiled unity dll's ...
Register platform support module: C:/Program Files/Unity/Hub/Editor/2021.3.22f1/Editor/Data/PlaybackEngines/WindowsStandaloneSupport/UnityEditor.WindowsStandalone.Extensions.dll
Registered in 0.011808 seconds.
Native extension for WindowsStandalone target not found
Refreshing native plugins compatible for Editor in 134.66 ms, found 4 plugins.
Preloading 0 native plugins for Editor in 0.00 ms.
Mono: successfully reloaded assembly
- Completed reload, in  0.918 seconds
Domain Reload Profiling:
	ReloadAssembly (919ms)
		BeginReloadAssembly (124ms)
			ExecutionOrderSort (0ms)
			DisableScriptedObjects (0ms)
			BackupInstance (0ms)
			ReleaseScriptingObjects (0ms)
			CreateAndSetChildDomain (1ms)
		EndReloadAssembly (646ms)
			LoadAssemblies (120ms)
			RebuildTransferFunctionScriptingTraits (0ms)
			SetupTypeCache (151ms)
			ReleaseScriptCaches (0ms)
			RebuildScriptCaches (38ms)
			SetupLoadedEditorAssemblies (388ms)
				LogAssemblyErrors (0ms)
				InitializePlatformSupportModulesInManaged (12ms)
				SetLoadedEditorAssemblies (0ms)
				RefreshPlugins (135ms)
				BeforeProcessingInitializeOnLoad (2ms)
				ProcessInitializeOnLoadAttributes (180ms)
				ProcessInitializeOnLoadMethodAttributes (59ms)
				AfterProcessingInitializeOnLoad (0ms)
				EditorAssembliesLoaded (0ms)
			ExecutionOrderSort2 (0ms)
			AwakeInstancesAfterBackupRestoration (0ms)
Platform modules already initialized, skipping
Registering precompiled user dll's ...
Registered in 0.011342 seconds.
Begin MonoManager ReloadAssembly
Symbol file LoadedFromMemory doesn't match image C:\Users\RyanZ\Documents\GitHub\Orc-Hunt\Orc Hunt\Library\PackageCache\com.unity.visualscripting@1.8.0\Editor\VisualScripting.Core\Dependencies\YamlDotNet\Unity.VisualScripting.YamlDotNet.dll
Symbol file LoadedFromMemory doesn't match image C:\Users\RyanZ\Documents\GitHub\Orc-Hunt\Orc Hunt\Library\PackageCache\com.unity.visualscripting@1.8.0\Editor\VisualScripting.Core\Dependencies\DotNetZip\Unity.VisualScripting.IonicZip.dll
Native extension for WindowsStandalone target not found
Refreshing native plugins compatible for Editor in 140.77 ms, found 4 plugins.
Preloading 0 native plugins for Editor in 0.00 ms.
Mono: successfully reloaded assembly
- Completed reload, in  1.810 seconds
Domain Reload Profiling:
	ReloadAssembly (1811ms)
		BeginReloadAssembly (156ms)
			ExecutionOrderSort (0ms)
			DisableScriptedObjects (10ms)
			BackupInstance (0ms)
			ReleaseScriptingObjects (0ms)
			CreateAndSetChildDomain (23ms)
		EndReloadAssembly (1515ms)
			LoadAssemblies (117ms)
			RebuildTransferFunctionScriptingTraits (0ms)
			SetupTypeCache (357ms)
			ReleaseScriptCaches (1ms)
			RebuildScriptCaches (80ms)
			SetupLoadedEditorAssemblies (905ms)
				LogAssemblyErrors (0ms)
				InitializePlatformSupportModulesInManaged (7ms)
				SetLoadedEditorAssemblies (0ms)
				RefreshPlugins (141ms)
				BeforeProcessingInitializeOnLoad (151ms)
				ProcessInitializeOnLoadAttributes (549ms)
				ProcessInitializeOnLoadMethodAttributes (43ms)
				AfterProcessingInitializeOnLoad (14ms)
				EditorAssembliesLoaded (0ms)
			ExecutionOrderSort2 (0ms)
			AwakeInstancesAfterBackupRestoration (8ms)
Platform modules already initialized, skipping
========================================================================
Worker process is ready to serve import requests
Launched and connected shader compiler UnityShaderCompiler.exe after 0.06 seconds
Refreshing native plugins compatible for Editor in 0.73 ms, found 4 plugins.
Preloading 0 native plugins for Editor in 0.00 ms.
Unloading 3734 Unused Serialized files (Serialized files now loaded: 0)
Unloading 41 unused Assets / (229.1 KB). Loaded Objects now: 4187.
Memory consumption went from 142.6 MB to 142.4 MB.
Total: 6.411300 ms (FindLiveObjects: 0.443000 ms CreateObjectMapping: 0.360400 ms MarkObjects: 5.407700 ms  DeleteObjects: 0.199000 ms)

AssetImportParameters requested are different than current active one (requested -> active):
  custom:video-decoder-ogg-theora: a1e56fd34408186e4bbccfd4996cb3dc -> 
  custom:container-muxer-webm: aa71ff27fc2769a1b78a27578f13a17b -> 
  custom:container-demuxer-webm: 4f35f7cbe854078d1ac9338744f61a02 -> 
  custom:video-encoder-webm-vp8: eb34c28f22e8b96e1ab97ce403110664 -> 
  custom:audio-encoder-webm-vorbis: bf7c407c2cedff20999df2af8eb42d56 -> 
  custom:framework-win-MediaFoundation: 216162199b28c13a410421893ffa2e32 -> 
  custom:container-demuxer-ogg: 62fdf1f143b41e24485cea50d1cbac27 -> 
  custom:video-decoder-webm-vp8: 9c59270c3fd7afecdb556c50c9e8de78 -> 
  custom:audio-decoder-ogg-vorbis: bf7c407c2cedff20999df2af8eb42d56 -> 
========================================================================
Received Import Request.
  Time since last request: 2160097.975899 seconds.
  path: Assets/Sprites/Orc/Sheets/Orc_Idle_BL.png
  artifactKey: Guid(ba0af85c856142f46a8061da0d5a5d16) Importer(815301076,1909f56bfc062723c751e8b465ee728b)
Start importing Assets/Sprites/Orc/Sheets/Orc_Idle_BL.png using Guid(ba0af85c856142f46a8061da0d5a5d16) Importer(815301076,1909f56bfc062723c751e8b465ee728b)  -> (artifact id: 'aa6bca3712502e24cd99beac32ebbc5f') in 0.072591 seconds 
========================================================================
Received Import Request.
  Time since last request: 0.000022 seconds.
  path: Assets/Sprites/Orc/Sheets/Orc_Attack_FR.png
  artifactKey: Guid(982624fbe4d8c0d439f9980bcbc387ac) Importer(815301076,1909f56bfc062723c751e8b465ee728b)
Start importing Assets/Sprites/Orc/Sheets/Orc_Attack_FR.png using Guid(982624fbe4d8c0d439f9980bcbc387ac) Importer(815301076,1909f56bfc062723c751e8b465ee728b)  -> (artifact id: '77a276156e764d3c1301746f2d9f80c8') in 0.012205 seconds 
========================================================================
Received Import Request.
  Time since last request: 8.951231 seconds.
  path: Assets/Sprites/Orc/Sheets/Orc_Idle_BR.png
  artifactKey: Guid(89744085f8f5256429afdf899d0eb8f8) Importer(815301076,1909f56bfc062723c751e8b465ee728b)
Start importing Assets/Sprites/Orc/Sheets/Orc_Idle_BR.png using Guid(89744085f8f5256429afdf899d0eb8f8) Importer(815301076,1909f56bfc062723c751e8b465ee728b)  -> (artifact id: 'a8f7a53d273392e1bdad496671af1721') in 0.089923 seconds 
========================================================================
Received Import Request.
  Time since last request: 8.011249 seconds.
  path: Assets/Sprites/Orc/Sheets/Orc_Idle_FL.png
  artifactKey: Guid(7b251db41b080044ca677b9fe5188d05) Importer(815301076,1909f56bfc062723c751e8b465ee728b)
Start importing Assets/Sprites/Orc/Sheets/Orc_Idle_FL.png using Guid(7b251db41b080044ca677b9fe5188d05) Importer(815301076,1909f56bfc062723c751e8b465ee728b)  -> (artifact id: '06a4a8f61977f9e022570953fd24b55a') in 0.088231 seconds 
========================================================================
Received Import Request.
  Time since last request: 7.623228 seconds.
  path: Assets/Sprites/Orc/Sheets/Orc_Idle_FR.png
  artifactKey: Guid(cf7f14390610b184ea5f0eb5d7bdf345) Importer(815301076,1909f56bfc062723c751e8b465ee728b)
Start importing Assets/Sprites/Orc/Sheets/Orc_Idle_FR.png using Guid(cf7f14390610b184ea5f0eb5d7bdf345) Importer(815301076,1909f56bfc062723c751e8b465ee728b)  -> (artifact id: 'f881c80cfbcb7c5eab5d373e05cfd120') in 0.079073 seconds 
========================================================================
Received Import Request.
  Time since last request: 8.362223 seconds.
  path: Assets/Sprites/Orc/Sheets/Orc_Run_BL.png
  artifactKey: Guid(81e29a1d303fbd74bb9aadac8a3bc85d) Importer(815301076,1909f56bfc062723c751e8b465ee728b)
Start importing Assets/Sprites/Orc/Sheets/Orc_Run_BL.png using Guid(81e29a1d303fbd74bb9aadac8a3bc85d) Importer(815301076,1909f56bfc062723c751e8b465ee728b)  -> (artifact id: '9697af325568df3ee2b666c9561e3ed7') in 0.025004 seconds 
========================================================================
Received Import Request.
  Time since last request: 7.270189 seconds.
  path: Assets/Sprites/Orc/Sheets/Orc_Run_BR.png
  artifactKey: Guid(14496a178d9972a40a89d4df86e6ee92) Importer(815301076,1909f56bfc062723c751e8b465ee728b)
Start importing Assets/Sprites/Orc/Sheets/Orc_Run_BR.png using Guid(14496a178d9972a40a89d4df86e6ee92) Importer(815301076,1909f56bfc062723c751e8b465ee728b)  -> (artifact id: '81411883b3285d0aa5ff62218b4f8556') in 0.018360 seconds 
========================================================================
Received Import Request.
  Time since last request: 6.263236 seconds.
  path: Assets/Sprites/Orc/Sheets/Orc_Run_FL.png
  artifactKey: Guid(b745d3b06a052194991d0a3801da0234) Importer(815301076,1909f56bfc062723c751e8b465ee728b)
Start importing Assets/Sprites/Orc/Sheets/Orc_Run_FL.png using Guid(b745d3b06a052194991d0a3801da0234) Importer(815301076,1909f56bfc062723c751e8b465ee728b)  -> (artifact id: '4f45fe52798105669e5db716d9c5ab37') in 0.019471 seconds 
========================================================================
Received Import Request.
  Time since last request: 6.929699 seconds.
  path: Assets/Sprites/Orc/Sheets/Orc_Run_FR.png
  artifactKey: Guid(bdd3b4788a4acf84a8791b47de1e966b) Importer(815301076,1909f56bfc062723c751e8b465ee728b)
Start importing Assets/Sprites/Orc/Sheets/Orc_Run_FR.png using Guid(bdd3b4788a4acf84a8791b47de1e966b) Importer(815301076,1909f56bfc062723c751e8b465ee728b)  -> (artifact id: 'af27e6c64af5e82d9dc77519ce8d1d0b') in 0.019155 seconds 
========================================================================
Received Import Request.
  Time since last request: 8.903514 seconds.
  path: Assets/Sprites/Orc/Sheets/Orc_Attack_BL.png
  artifactKey: Guid(c01fd2517e3a1c14db6cef15c2b73cae) Importer(815301076,1909f56bfc062723c751e8b465ee728b)
Start importing Assets/Sprites/Orc/Sheets/Orc_Attack_BL.png using Guid(c01fd2517e3a1c14db6cef15c2b73cae) Importer(815301076,1909f56bfc062723c751e8b465ee728b)  -> (artifact id: '5b0cfafe5935a5a20070220be1fb5074') in 0.027866 seconds 
========================================================================
Received Import Request.
  Time since last request: 8.651783 seconds.
  path: Assets/Sprites/Orc/Sheets/Orc_Attack_BR.png
  artifactKey: Guid(294bc76a4633b4c438f4a27d4c80a499) Importer(815301076,1909f56bfc062723c751e8b465ee728b)
Start importing Assets/Sprites/Orc/Sheets/Orc_Attack_BR.png using Guid(294bc76a4633b4c438f4a27d4c80a499) Importer(815301076,1909f56bfc062723c751e8b465ee728b)  -> (artifact id: '0c06ae69b76f53d6ecc858f8445d1f7f') in 0.023627 seconds 
========================================================================
Received Import Request.
  Time since last request: 7.290063 seconds.
  path: Assets/Sprites/Orc/Sheets/Orc_Attack_FL.png
  artifactKey: Guid(cd17638262e1e6440ac9568ef4a36c85) Importer(815301076,1909f56bfc062723c751e8b465ee728b)
Start importing Assets/Sprites/Orc/Sheets/Orc_Attack_FL.png using Guid(cd17638262e1e6440ac9568ef4a36c85) Importer(815301076,1909f56bfc062723c751e8b465ee728b)  -> (artifact id: '3d8a14843339544dfd30e5ebe7ba78f6') in 0.019838 seconds 
========================================================================
Received Import Request.
  Time since last request: 6.974943 seconds.
  path: Assets/Sprites/Orc/Sheets/Orc_Attack_FR.png
  artifactKey: Guid(982624fbe4d8c0d439f9980bcbc387ac) Importer(815301076,1909f56bfc062723c751e8b465ee728b)
Start importing Assets/Sprites/Orc/Sheets/Orc_Attack_FR.png using Guid(982624fbe4d8c0d439f9980bcbc387ac) Importer(815301076,1909f56bfc062723c751e8b465ee728b)  -> (artifact id: '71266d869bda79efd2491f2a10f2f3e6') in 0.023412 seconds 
========================================================================
Received Import Request.
  Time since last request: 7.067086 seconds.
  path: Assets/Sprites/Orc/Sheets/Orc_Hit_BL.png
  artifactKey: Guid(bb40069f99221f241ba7be0b1421bfe6) Importer(815301076,1909f56bfc062723c751e8b465ee728b)
Start importing Assets/Sprites/Orc/Sheets/Orc_Hit_BL.png using Guid(bb40069f99221f241ba7be0b1421bfe6) Importer(815301076,1909f56bfc062723c751e8b465ee728b)  -> (artifact id: '4a979858d2421590ed7afccd6a2dd08a') in 0.018549 seconds 
========================================================================
Received Import Request.
  Time since last request: 7.894193 seconds.
  path: Assets/Sprites/Orc/Sheets/Orc_Hit_BR.png
  artifactKey: Guid(39cdde2893bdf414b9f7b1c29fe9be11) Importer(815301076,1909f56bfc062723c751e8b465ee728b)
Start importing Assets/Sprites/Orc/Sheets/Orc_Hit_BR.png using Guid(39cdde2893bdf414b9f7b1c29fe9be11) Importer(815301076,1909f56bfc062723c751e8b465ee728b)  -> (artifact id: '0b37c9406a5f482a29f98443bd701e6d') in 0.024620 seconds 
========================================================================
Received Import Request.
  Time since last request: 6.994155 seconds.
  path: Assets/Sprites/Orc/Sheets/Orc_Hit_FL.png
  artifactKey: Guid(d8041846cdab22e4b92505ec908a1914) Importer(815301076,1909f56bfc062723c751e8b465ee728b)
Start importing Assets/Sprites/Orc/Sheets/Orc_Hit_FL.png using Guid(d8041846cdab22e4b92505ec908a1914) Importer(815301076,1909f56bfc062723c751e8b465ee728b)  -> (artifact id: 'f4376371617483841acdf80051fe2ce3') in 0.021347 seconds 
========================================================================
Received Import Request.
  Time since last request: 6.271219 seconds.
  path: Assets/Sprites/Orc/Sheets/Orc_Hit_FR.png
  artifactKey: Guid(4fcc4b111be178c448714b792570d0b5) Importer(815301076,1909f56bfc062723c751e8b465ee728b)
Start importing Assets/Sprites/Orc/Sheets/Orc_Hit_FR.png using Guid(4fcc4b111be178c448714b792570d0b5) Importer(815301076,1909f56bfc062723c751e8b465ee728b)  -> (artifact id: 'e6fcfe0a06da6e80a1ac7e3df746b188') in 0.021055 seconds 
========================================================================
Received Import Request.
  Time since last request: 19.375097 seconds.
  path: Assets/Sprites/Orc/Sheets/Run_FR.anim
  artifactKey: Guid(8d359ee5e3ee8114f9f70ec490a6991f) Importer(815301076,1909f56bfc062723c751e8b465ee728b)
Start importing Assets/Sprites/Orc/Sheets/Run_FR.anim using Guid(8d359ee5e3ee8114f9f70ec490a6991f) Importer(815301076,1909f56bfc062723c751e8b465ee728b)  -> (artifact id: '083fffc279e48fcb5fb9098aed124e4f') in 0.011799 seconds 
========================================================================
Received Import Request.
  Time since last request: 13.332856 seconds.
  path: Assets/Sprites/Orc/Sheets/Run_FL.anim
  artifactKey: Guid(d3e8f39ac2005894183a4a99ee7464d3) Importer(815301076,1909f56bfc062723c751e8b465ee728b)
Start importing Assets/Sprites/Orc/Sheets/Run_FL.anim using Guid(d3e8f39ac2005894183a4a99ee7464d3) Importer(815301076,1909f56bfc062723c751e8b465ee728b)  -> (artifact id: '1b06c17bfdabafd0e630e2132f788ee7') in 0.008839 seconds 
========================================================================
Received Import Request.
  Time since last request: 15.417308 seconds.
  path: Assets/Sprites/Orc/Sheets/Run_BR.anim
  artifactKey: Guid(6cb045271e59eb748bdf93c0124cf087) Importer(815301076,1909f56bfc062723c751e8b465ee728b)
Start importing Assets/Sprites/Orc/Sheets/Run_BR.anim using Guid(6cb045271e59eb748bdf93c0124cf087) Importer(815301076,1909f56bfc062723c751e8b465ee728b)  -> (artifact id: '56400923cb73ce1cbffb5de9de934982') in 0.008295 seconds 
========================================================================
Received Import Request.
  Time since last request: 9.514288 seconds.
  path: Assets/Sprites/Orc/Sheets/Run_BL.anim
  artifactKey: Guid(d7772f2078292d54e94fe1fc3280519d) Importer(815301076,1909f56bfc062723c751e8b465ee728b)
Start importing Assets/Sprites/Orc/Sheets/Run_BL.anim using Guid(d7772f2078292d54e94fe1fc3280519d) Importer(815301076,1909f56bfc062723c751e8b465ee728b)  -> (artifact id: '5916b38eaee0e8ca11d16713d855a2e9') in 0.011814 seconds 
========================================================================
Received Import Request.
  Time since last request: 16.094722 seconds.
  path: Assets/Sprites/Orc/Sheets/Idle_FR.anim
  artifactKey: Guid(ae39ef151c7d0ca48be7b94a3ef98e05) Importer(815301076,1909f56bfc062723c751e8b465ee728b)
Start importing Assets/Sprites/Orc/Sheets/Idle_FR.anim using Guid(ae39ef151c7d0ca48be7b94a3ef98e05) Importer(815301076,1909f56bfc062723c751e8b465ee728b)  -> (artifact id: 'ee69c922c537a893b43c797e61b9535a') in 0.009970 seconds 
========================================================================
Received Import Request.
  Time since last request: 18.772831 seconds.
  path: Assets/Sprites/Orc/Sheets/Idle_FL.anim
  artifactKey: Guid(cad7238ad26f1d140839bc62763e6240) Importer(815301076,1909f56bfc062723c751e8b465ee728b)
Start importing Assets/Sprites/Orc/Sheets/Idle_FL.anim using Guid(cad7238ad26f1d140839bc62763e6240) Importer(815301076,1909f56bfc062723c751e8b465ee728b)  -> (artifact id: 'ac03028edf2800b892f2b05b4df4e1b5') in 0.010537 seconds 
========================================================================
Received Import Request.
  Time since last request: 11.016616 seconds.
  path: Assets/Sprites/Orc/Sheets/Idle_BR.anim
  artifactKey: Guid(691eaae94860c4e4ab1ebb3b585faad8) Importer(815301076,1909f56bfc062723c751e8b465ee728b)
Start importing Assets/Sprites/Orc/Sheets/Idle_BR.anim using Guid(691eaae94860c4e4ab1ebb3b585faad8) Importer(815301076,1909f56bfc062723c751e8b465ee728b)  -> (artifact id: '9e5c8d626214f53e10874bb3e76e6bb6') in 0.009124 seconds 
========================================================================
Received Import Request.
  Time since last request: 11.811296 seconds.
  path: Assets/Sprites/Orc/Sheets/Idle_BL.anim
  artifactKey: Guid(d5a2c40bdfd7da440925d6a4ab50c531) Importer(815301076,1909f56bfc062723c751e8b465ee728b)
Start importing Assets/Sprites/Orc/Sheets/Idle_BL.anim using Guid(d5a2c40bdfd7da440925d6a4ab50c531) Importer(815301076,1909f56bfc062723c751e8b465ee728b)  -> (artifact id: '6648b23d0fc62a481fa7507d4473958c') in 0.016675 seconds 
========================================================================
Received Import Request.
  Time since last request: 14.332014 seconds.
  path: Assets/Sprites/Orc/Sheets/Hit_FR.anim
  artifactKey: Guid(c11b7a8be9cb4934981273a53db1d1ed) Importer(815301076,1909f56bfc062723c751e8b465ee728b)
Start importing Assets/Sprites/Orc/Sheets/Hit_FR.anim using Guid(c11b7a8be9cb4934981273a53db1d1ed) Importer(815301076,1909f56bfc062723c751e8b465ee728b)  -> (artifact id: 'a6b8b77345b7138f10df5b4fe001bd46') in 0.008357 seconds 
========================================================================
Received Import Request.
  Time since last request: 10.568434 seconds.
  path: Assets/Sprites/Orc/Sheets/Hit_FL.anim
  artifactKey: Guid(e053a62d0f99a9944ade14577fe932e1) Importer(815301076,1909f56bfc062723c751e8b465ee728b)
Start importing Assets/Sprites/Orc/Sheets/Hit_FL.anim using Guid(e053a62d0f99a9944ade14577fe932e1) Importer(815301076,1909f56bfc062723c751e8b465ee728b)  -> (artifact id: 'b8adbeea078ed3a508e0a093ebbf995d') in 0.013352 seconds 
========================================================================
Received Import Request.
  Time since last request: 10.155580 seconds.
  path: Assets/Sprites/Orc/Sheets/Hit_BR.anim
  artifactKey: Guid(ba84125a8b9631b43b1e117a6e0357bd) Importer(815301076,1909f56bfc062723c751e8b465ee728b)
Start importing Assets/Sprites/Orc/Sheets/Hit_BR.anim using Guid(ba84125a8b9631b43b1e117a6e0357bd) Importer(815301076,1909f56bfc062723c751e8b465ee728b)  -> (artifact id: '3a392ac2200d7f9b7f8911366ba035e5') in 0.008453 seconds 
========================================================================
Received Import Request.
  Time since last request: 10.915227 seconds.
  path: Assets/Sprites/Orc/Sheets/Hit_BL.anim
  artifactKey: Guid(f00bdb401d9aef547a8c3e2e62226012) Importer(815301076,1909f56bfc062723c751e8b465ee728b)
Start importing Assets/Sprites/Orc/Sheets/Hit_BL.anim using Guid(f00bdb401d9aef547a8c3e2e62226012) Importer(815301076,1909f56bfc062723c751e8b465ee728b)  -> (artifact id: '56a61a150104bd68714e7c12b74f6187') in 0.008292 seconds 
========================================================================
Received Import Request.
  Time since last request: 15.785255 seconds.
  path: Assets/Sprites/Orc/Sheets/Attack_FR.anim
  artifactKey: Guid(2bbcc027100060c4686d99c4f63ab5b0) Importer(815301076,1909f56bfc062723c751e8b465ee728b)
Start importing Assets/Sprites/Orc/Sheets/Attack_FR.anim using Guid(2bbcc027100060c4686d99c4f63ab5b0) Importer(815301076,1909f56bfc062723c751e8b465ee728b)  -> (artifact id: '7946b669dae339b94fcdb4b0cd771552') in 0.010046 seconds 
========================================================================
Received Import Request.
  Time since last request: 9.411916 seconds.
  path: Assets/Sprites/Orc/Sheets/Attack_FL.anim
  artifactKey: Guid(fdcaa3e8e3d01024aadd019e0c662d17) Importer(815301076,1909f56bfc062723c751e8b465ee728b)
Start importing Assets/Sprites/Orc/Sheets/Attack_FL.anim using Guid(fdcaa3e8e3d01024aadd019e0c662d17) Importer(815301076,1909f56bfc062723c751e8b465ee728b)  -> (artifact id: '49dce701e03fd59e5f02ba9765efcca0') in 0.008784 seconds 
========================================================================
Received Import Request.
  Time since last request: 9.752892 seconds.
  path: Assets/Sprites/Orc/Sheets/Attack_BR.anim
  artifactKey: Guid(1905bb31237feb2418cebdcb99682917) Importer(815301076,1909f56bfc062723c751e8b465ee728b)
Start importing Assets/Sprites/Orc/Sheets/Attack_BR.anim using Guid(1905bb31237feb2418cebdcb99682917) Importer(815301076,1909f56bfc062723c751e8b465ee728b)  -> (artifact id: 'b215fd0f023ba72bbd26a31de451ad0a') in 0.008801 seconds 
========================================================================
Received Import Request.
  Time since last request: 9.426976 seconds.
  path: Assets/Sprites/Orc/Sheets/Attack_BL.anim
  artifactKey: Guid(c39d6f54b5a77eb42a4b2ed6e692d6c2) Importer(815301076,1909f56bfc062723c751e8b465ee728b)
Start importing Assets/Sprites/Orc/Sheets/Attack_BL.anim using Guid(c39d6f54b5a77eb42a4b2ed6e692d6c2) Importer(815301076,1909f56bfc062723c751e8b465ee728b)  -> (artifact id: 'd19d3e924c0541c661da716a6fd822d5') in 0.016256 seconds 
========================================================================
Received Import Request.
  Time since last request: 30.072753 seconds.
  path: Assets/Sprites/Human/HumanAnimController.controller
  artifactKey: Guid(3e06af549b56c1e4c9722d064c1c8593) Importer(815301076,1909f56bfc062723c751e8b465ee728b)
Start importing Assets/Sprites/Human/HumanAnimController.controller using Guid(3e06af549b56c1e4c9722d064c1c8593) Importer(815301076,1909f56bfc062723c751e8b465ee728b)  -> (artifact id: 'd6218c1ffc882d5b5f8ad8599677cdcc') in 0.041979 seconds 
========================================================================
Received Import Request.
  Time since last request: 8.289604 seconds.
  path: Assets/Sprites/Orc/OrcAnimController.controller
  artifactKey: Guid(b46c6f40ae2cef7439c473a8b49b39f1) Importer(815301076,1909f56bfc062723c751e8b465ee728b)
Start importing Assets/Sprites/Orc/OrcAnimController.controller using Guid(b46c6f40ae2cef7439c473a8b49b39f1) Importer(815301076,1909f56bfc062723c751e8b465ee728b)  -> (artifact id: '5d0cea10e6e9fbb3b25b48db0c846cbf') in 0.019057 seconds 
